<?xml version="1.0" encoding="UTF-8"?>
<!-- Generated by org.testng.reporters.JUnitReportReporter -->
<testsuite hostname="DESKTOP-559DUI6" name="getBaseUrl" tests="1" failures="0" timestamp="29 Feb 2020 12:30:41 GMT" time="0.985" errors="0">
  <testcase name="InitUrl" time="0.985" classname="getBaseUrl"/>
</testsuite> <!-- getBaseUrl -->
