<?xml version="1.0" encoding="UTF-8"?>
<!-- Generated by org.testng.reporters.JUnitReportReporter -->
<testsuite hostname="DESKTOP-559DUI6" name="TestCases.GetRequest" tests="1" failures="0" timestamp="26 Apr 2020 14:29:27 GMT" time="3.768" errors="0">
  <testcase name="getRequest1" time="3.768" classname="TestCases.GetRequest"/>
</testsuite> <!-- TestCases.GetRequest -->
